<?xml version="1.0" encoding="UTF-8"?>
<robot generator="Robot 6.1.1 (Python 3.10.12 on linux)" generated="20231119 20:38:03.226" rpa="false" schemaversion="4">
<suite id="s1" name="Tests" source="/home/laoli/Opinnot-HY-2023/23-OhTu/src/palautusrepositorio/viikko3/web-login/src/tests">
<suite id="s1-s1" name="Login" source="/home/laoli/Opinnot-HY-2023/23-OhTu/src/palautusrepositorio/viikko3/web-login/src/tests/login.robot">
<kw name="Open And Configure Browser" library="resource" type="SETUP">
<kw name="Evaluate" library="BuiltIn">
<var>${options}</var>
<arg>sys.modules['selenium.webdriver'].ChromeOptions()</arg>
<arg>sys</arg>
<doc>Evaluates the given expression in Python and returns the result.</doc>
<msg timestamp="20231119 20:38:03.310" level="INFO">${options} = &lt;selenium.webdriver.chrome.options.Options object at 0x7ff40752bbe0&gt;</msg>
<status status="PASS" starttime="20231119 20:38:03.310" endtime="20231119 20:38:03.310"/>
</kw>
<kw name="Call Method" library="BuiltIn">
<arg>${options}</arg>
<arg>add_argument</arg>
<arg>--no-sandbox</arg>
<doc>Calls the named method of the given object with the provided arguments.</doc>
<status status="PASS" starttime="20231119 20:38:03.310" endtime="20231119 20:38:03.310"/>
</kw>
<kw name="Open Browser" library="SeleniumLibrary">
<arg>browser=chrome</arg>
<arg>options=${options}</arg>
<doc>Opens a new browser instance to the optional ``url``.</doc>
<msg timestamp="20231119 20:38:03.310" level="INFO">Opening browser 'chrome' to base url 'None'.</msg>
<status status="PASS" starttime="20231119 20:38:03.310" endtime="20231119 20:38:04.122"/>
</kw>
<kw name="Set Selenium Speed" library="SeleniumLibrary">
<arg>${DELAY}</arg>
<doc>Sets the delay that is waited after each Selenium command.</doc>
<status status="PASS" starttime="20231119 20:38:04.122" endtime="20231119 20:38:04.123"/>
</kw>
<status status="PASS" starttime="20231119 20:38:03.309" endtime="20231119 20:38:04.123"/>
</kw>
<test id="s1-s1-t1" name="Login With Nonexistent Username" line="20">
<kw name="Create User And Go To Login Page" type="SETUP">
<kw name="Create User" library="AppLibrary">
<arg>kalle</arg>
<arg>kalle123</arg>
<status status="PASS" starttime="20231119 20:38:04.124" endtime="20231119 20:38:04.131"/>
</kw>
<kw name="Go To Login Page" library="resource">
<kw name="Go To" library="SeleniumLibrary">
<arg>${LOGIN_URL}</arg>
<doc>Navigates the current browser window to the provided ``url``.</doc>
<msg timestamp="20231119 20:38:04.131" level="INFO">Opening url 'http://localhost:5001/login'</msg>
<status status="PASS" starttime="20231119 20:38:04.131" endtime="20231119 20:38:04.705"/>
</kw>
<status status="PASS" starttime="20231119 20:38:04.131" endtime="20231119 20:38:04.705"/>
</kw>
<kw name="Login Page Should Be Open" library="resource">
<kw name="Title Should Be" library="SeleniumLibrary">
<arg>Login</arg>
<doc>Verifies that the current page title equals ``title``.</doc>
<msg timestamp="20231119 20:38:05.223" level="INFO">Page title is 'Login'.</msg>
<status status="PASS" starttime="20231119 20:38:04.707" endtime="20231119 20:38:05.223"/>
</kw>
<status status="PASS" starttime="20231119 20:38:04.706" endtime="20231119 20:38:05.223"/>
</kw>
<status status="PASS" starttime="20231119 20:38:04.123" endtime="20231119 20:38:05.223"/>
</kw>
<kw name="Set Username">
<arg>ellak</arg>
<kw name="Input Text" library="SeleniumLibrary">
<arg>username</arg>
<arg>${username}</arg>
<doc>Types the given ``text`` into the text field identified by ``locator``.</doc>
<msg timestamp="20231119 20:38:05.226" level="INFO">Typing text 'ellak' into text field 'username'.</msg>
<status status="PASS" starttime="20231119 20:38:05.225" endtime="20231119 20:38:06.886"/>
</kw>
<status status="PASS" starttime="20231119 20:38:05.224" endtime="20231119 20:38:06.887"/>
</kw>
<kw name="Set Password">
<arg>kalle123</arg>
<kw name="Input Password" library="SeleniumLibrary">
<arg>password</arg>
<arg>${password}</arg>
<doc>Types the given password into the text field identified by ``locator``.</doc>
<msg timestamp="20231119 20:38:06.889" level="INFO">Typing password into text field 'password'.</msg>
<msg timestamp="20231119 20:38:07.950" level="INFO">Temporally setting log level to: NONE</msg>
<msg timestamp="20231119 20:38:08.516" level="INFO">Log level changed from NONE to INFO.</msg>
<status status="PASS" starttime="20231119 20:38:06.888" endtime="20231119 20:38:08.517"/>
</kw>
<status status="PASS" starttime="20231119 20:38:06.887" endtime="20231119 20:38:08.517"/>
</kw>
<kw name="Submit Credentials">
<kw name="Click Button" library="SeleniumLibrary">
<arg>Login</arg>
<doc>Clicks the button identified by ``locator``.</doc>
<msg timestamp="20231119 20:38:08.519" level="INFO">Clicking button 'Login'.</msg>
<status status="PASS" starttime="20231119 20:38:08.518" endtime="20231119 20:38:10.652"/>
</kw>
<status status="PASS" starttime="20231119 20:38:08.517" endtime="20231119 20:38:10.653"/>
</kw>
<kw name="Login Should Fail With Message">
<arg>Invalid username or password</arg>
<kw name="Login Page Should Be Open" library="resource">
<kw name="Title Should Be" library="SeleniumLibrary">
<arg>Login</arg>
<doc>Verifies that the current page title equals ``title``.</doc>
<msg timestamp="20231119 20:38:11.168" level="INFO">Page title is 'Login'.</msg>
<status status="PASS" starttime="20231119 20:38:10.654" endtime="20231119 20:38:11.168"/>
</kw>
<status status="PASS" starttime="20231119 20:38:10.654" endtime="20231119 20:38:11.169"/>
</kw>
<kw name="Page Should Contain" library="SeleniumLibrary">
<arg>${message}</arg>
<doc>Verifies that current page contains ``text``.</doc>
<msg timestamp="20231119 20:38:12.201" level="INFO">Current page contains text 'Invalid username or password'.</msg>
<status status="PASS" starttime="20231119 20:38:11.169" endtime="20231119 20:38:12.202"/>
</kw>
<status status="PASS" starttime="20231119 20:38:10.653" endtime="20231119 20:38:12.202"/>
</kw>
<status status="PASS" starttime="20231119 20:38:04.123" endtime="20231119 20:38:12.202"/>
</test>
<kw name="Close Browser" library="SeleniumLibrary" type="TEARDOWN">
<doc>Closes the current browser.</doc>
<status status="PASS" starttime="20231119 20:38:12.204" endtime="20231119 20:38:12.766"/>
</kw>
<status status="PASS" starttime="20231119 20:38:03.234" endtime="20231119 20:38:12.766"/>
</suite>
<status status="PASS" starttime="20231119 20:38:03.226" endtime="20231119 20:38:12.768"/>
</suite>
<statistics>
<total>
<stat pass="1" fail="0" skip="0">All Tests</stat>
</total>
<tag>
</tag>
<suite>
<stat pass="1" fail="0" skip="0" id="s1" name="Tests">Tests</stat>
<stat pass="1" fail="0" skip="0" id="s1-s1" name="Login">Tests.Login</stat>
</suite>
</statistics>
<errors>
</errors>
</robot>
