<?xml version="1.0" encoding="UTF-8"?>
<robot generator="Robot 6.1.1 (Python 3.10.12 on linux)" generated="20231119 20:31:27.797" rpa="false" schemaversion="4">
<suite id="s1" name="Tests" source="/home/laoli/Opinnot-HY-2023/23-OhTu/src/palautusrepositorio/viikko3/web-login/src/tests">
<suite id="s1-s1" name="Home" source="/home/laoli/Opinnot-HY-2023/23-OhTu/src/palautusrepositorio/viikko3/web-login/src/tests/home.robot">
<kw name="Open And Configure Browser" library="resource" type="SETUP">
<kw name="Evaluate" library="BuiltIn">
<var>${options}</var>
<arg>sys.modules['selenium.webdriver'].ChromeOptions()</arg>
<arg>sys</arg>
<doc>Evaluates the given expression in Python and returns the result.</doc>
<msg timestamp="20231119 20:31:27.880" level="INFO">${options} = &lt;selenium.webdriver.chrome.options.Options object at 0x7f6d03b5beb0&gt;</msg>
<status status="PASS" starttime="20231119 20:31:27.880" endtime="20231119 20:31:27.880"/>
</kw>
<kw name="Call Method" library="BuiltIn">
<arg>${options}</arg>
<arg>add_argument</arg>
<arg>--no-sandbox</arg>
<doc>Calls the named method of the given object with the provided arguments.</doc>
<status status="PASS" starttime="20231119 20:31:27.880" endtime="20231119 20:31:27.881"/>
</kw>
<kw name="Open Browser" library="SeleniumLibrary">
<arg>browser=chrome</arg>
<arg>options=${options}</arg>
<doc>Opens a new browser instance to the optional ``url``.</doc>
<msg timestamp="20231119 20:31:27.881" level="INFO">Opening browser 'chrome' to base url 'None'.</msg>
<status status="PASS" starttime="20231119 20:31:27.881" endtime="20231119 20:31:28.694"/>
</kw>
<kw name="Set Selenium Speed" library="SeleniumLibrary">
<arg>${DELAY}</arg>
<doc>Sets the delay that is waited after each Selenium command.</doc>
<status status="PASS" starttime="20231119 20:31:28.694" endtime="20231119 20:31:28.695"/>
</kw>
<status status="PASS" starttime="20231119 20:31:27.880" endtime="20231119 20:31:28.695"/>
</kw>
<test id="s1-s1-t1" name="Click Login Link" line="8">
<kw name="Go To Starting Page" library="resource" type="SETUP">
<kw name="Go To" library="SeleniumLibrary">
<arg>${HOME_URL}</arg>
<doc>Navigates the current browser window to the provided ``url``.</doc>
<msg timestamp="20231119 20:31:28.696" level="INFO">Opening url 'http://localhost:5001'</msg>
<status status="PASS" starttime="20231119 20:31:28.696" endtime="20231119 20:31:29.231"/>
</kw>
<status status="PASS" starttime="20231119 20:31:28.695" endtime="20231119 20:31:29.231"/>
</kw>
<kw name="Click Link" library="SeleniumLibrary">
<arg>Login</arg>
<doc>Clicks a link identified by ``locator``.</doc>
<msg timestamp="20231119 20:31:29.233" level="INFO">Clicking link 'Login'.</msg>
<status status="PASS" starttime="20231119 20:31:29.231" endtime="20231119 20:31:30.852"/>
</kw>
<kw name="Login Page Should Be Open" library="resource">
<kw name="Title Should Be" library="SeleniumLibrary">
<arg>Login</arg>
<doc>Verifies that the current page title equals ``title``.</doc>
<msg timestamp="20231119 20:31:31.369" level="INFO">Page title is 'Login'.</msg>
<status status="PASS" starttime="20231119 20:31:30.854" endtime="20231119 20:31:31.369"/>
</kw>
<status status="PASS" starttime="20231119 20:31:30.853" endtime="20231119 20:31:31.370"/>
</kw>
<status status="PASS" starttime="20231119 20:31:28.695" endtime="20231119 20:31:31.370"/>
</test>
<test id="s1-s1-t2" name="Click Register Link" line="12">
<kw name="Go To Starting Page" library="resource" type="SETUP">
<kw name="Go To" library="SeleniumLibrary">
<arg>${HOME_URL}</arg>
<doc>Navigates the current browser window to the provided ``url``.</doc>
<msg timestamp="20231119 20:31:31.373" level="INFO">Opening url 'http://localhost:5001'</msg>
<status status="PASS" starttime="20231119 20:31:31.373" endtime="20231119 20:31:31.898"/>
</kw>
<status status="PASS" starttime="20231119 20:31:31.372" endtime="20231119 20:31:31.898"/>
</kw>
<kw name="Click Link" library="SeleniumLibrary">
<arg>Register new user</arg>
<doc>Clicks a link identified by ``locator``.</doc>
<msg timestamp="20231119 20:31:31.900" level="INFO">Clicking link 'Register new user'.</msg>
<status status="PASS" starttime="20231119 20:31:31.899" endtime="20231119 20:31:33.467"/>
</kw>
<kw name="Register Page Should Be Open" library="resource">
<kw name="Title Should Be" library="SeleniumLibrary">
<arg>Register</arg>
<doc>Verifies that the current page title equals ``title``.</doc>
<msg timestamp="20231119 20:31:33.979" level="INFO">Page title is 'Register'.</msg>
<status status="PASS" starttime="20231119 20:31:33.468" endtime="20231119 20:31:33.980"/>
</kw>
<status status="PASS" starttime="20231119 20:31:33.467" endtime="20231119 20:31:33.980"/>
</kw>
<status status="PASS" starttime="20231119 20:31:31.371" endtime="20231119 20:31:33.980"/>
</test>
<kw name="Close Browser" library="SeleniumLibrary" type="TEARDOWN">
<doc>Closes the current browser.</doc>
<status status="PASS" starttime="20231119 20:31:33.982" endtime="20231119 20:31:34.544"/>
</kw>
<status status="PASS" starttime="20231119 20:31:27.805" endtime="20231119 20:31:34.544"/>
</suite>
<suite id="s1-s2" name="Login" source="/home/laoli/Opinnot-HY-2023/23-OhTu/src/palautusrepositorio/viikko3/web-login/src/tests/login.robot">
<kw name="Open And Configure Browser" library="resource" type="SETUP">
<kw name="Evaluate" library="BuiltIn">
<var>${options}</var>
<arg>sys.modules['selenium.webdriver'].ChromeOptions()</arg>
<arg>sys</arg>
<doc>Evaluates the given expression in Python and returns the result.</doc>
<msg timestamp="20231119 20:31:34.553" level="INFO">${options} = &lt;selenium.webdriver.chrome.options.Options object at 0x7f6d03bdd660&gt;</msg>
<status status="PASS" starttime="20231119 20:31:34.553" endtime="20231119 20:31:34.553"/>
</kw>
<kw name="Call Method" library="BuiltIn">
<arg>${options}</arg>
<arg>add_argument</arg>
<arg>--no-sandbox</arg>
<doc>Calls the named method of the given object with the provided arguments.</doc>
<status status="PASS" starttime="20231119 20:31:34.553" endtime="20231119 20:31:34.553"/>
</kw>
<kw name="Open Browser" library="SeleniumLibrary">
<arg>browser=chrome</arg>
<arg>options=${options}</arg>
<doc>Opens a new browser instance to the optional ``url``.</doc>
<msg timestamp="20231119 20:31:34.554" level="INFO">Opening browser 'chrome' to base url 'None'.</msg>
<status status="PASS" starttime="20231119 20:31:34.553" endtime="20231119 20:31:35.376"/>
</kw>
<kw name="Set Selenium Speed" library="SeleniumLibrary">
<arg>${DELAY}</arg>
<doc>Sets the delay that is waited after each Selenium command.</doc>
<status status="PASS" starttime="20231119 20:31:35.376" endtime="20231119 20:31:35.376"/>
</kw>
<status status="PASS" starttime="20231119 20:31:34.552" endtime="20231119 20:31:35.376"/>
</kw>
<test id="s1-s2-t1" name="Login With Correct Credentials" line="8">
<kw name="Create User And Go To Login Page" type="SETUP">
<kw name="Create User" library="AppLibrary">
<arg>kalle</arg>
<arg>kalle123</arg>
<status status="PASS" starttime="20231119 20:31:35.377" endtime="20231119 20:31:35.383"/>
</kw>
<kw name="Go To Login Page" library="resource">
<kw name="Go To" library="SeleniumLibrary">
<arg>${LOGIN_URL}</arg>
<doc>Navigates the current browser window to the provided ``url``.</doc>
<msg timestamp="20231119 20:31:35.384" level="INFO">Opening url 'http://localhost:5001/login'</msg>
<status status="PASS" starttime="20231119 20:31:35.384" endtime="20231119 20:31:35.956"/>
</kw>
<status status="PASS" starttime="20231119 20:31:35.384" endtime="20231119 20:31:35.956"/>
</kw>
<kw name="Login Page Should Be Open" library="resource">
<kw name="Title Should Be" library="SeleniumLibrary">
<arg>Login</arg>
<doc>Verifies that the current page title equals ``title``.</doc>
<msg timestamp="20231119 20:31:36.471" level="INFO">Page title is 'Login'.</msg>
<status status="PASS" starttime="20231119 20:31:35.957" endtime="20231119 20:31:36.471"/>
</kw>
<status status="PASS" starttime="20231119 20:31:35.956" endtime="20231119 20:31:36.471"/>
</kw>
<status status="PASS" starttime="20231119 20:31:35.377" endtime="20231119 20:31:36.472"/>
</kw>
<kw name="Set Username">
<arg>kalle</arg>
<kw name="Input Text" library="SeleniumLibrary">
<arg>username</arg>
<arg>${username}</arg>
<doc>Types the given ``text`` into the text field identified by ``locator``.</doc>
<msg timestamp="20231119 20:31:36.475" level="INFO">Typing text 'kalle' into text field 'username'.</msg>
<status status="PASS" starttime="20231119 20:31:36.473" endtime="20231119 20:31:38.103"/>
</kw>
<status status="PASS" starttime="20231119 20:31:36.472" endtime="20231119 20:31:38.103"/>
</kw>
<kw name="Set Password">
<arg>kalle123</arg>
<kw name="Input Password" library="SeleniumLibrary">
<arg>password</arg>
<arg>${password}</arg>
<doc>Types the given password into the text field identified by ``locator``.</doc>
<msg timestamp="20231119 20:31:38.104" level="INFO">Typing password into text field 'password'.</msg>
<msg timestamp="20231119 20:31:39.170" level="INFO">Temporally setting log level to: NONE</msg>
<msg timestamp="20231119 20:31:39.731" level="INFO">Log level changed from NONE to INFO.</msg>
<status status="PASS" starttime="20231119 20:31:38.104" endtime="20231119 20:31:39.731"/>
</kw>
<status status="PASS" starttime="20231119 20:31:38.103" endtime="20231119 20:31:39.732"/>
</kw>
<kw name="Submit Credentials">
<kw name="Click Button" library="SeleniumLibrary">
<arg>Login</arg>
<doc>Clicks the button identified by ``locator``.</doc>
<msg timestamp="20231119 20:31:39.733" level="INFO">Clicking button 'Login'.</msg>
<status status="PASS" starttime="20231119 20:31:39.733" endtime="20231119 20:31:41.869"/>
</kw>
<status status="PASS" starttime="20231119 20:31:39.732" endtime="20231119 20:31:41.869"/>
</kw>
<kw name="Login Should Succeed">
<kw name="Main Page Should Be Open" library="resource">
<kw name="Title Should Be" library="SeleniumLibrary">
<arg>Ohtu Application main page</arg>
<doc>Verifies that the current page title equals ``title``.</doc>
<msg timestamp="20231119 20:31:42.385" level="INFO">Page title is 'Ohtu Application main page'.</msg>
<status status="PASS" starttime="20231119 20:31:41.871" endtime="20231119 20:31:42.385"/>
</kw>
<status status="PASS" starttime="20231119 20:31:41.871" endtime="20231119 20:31:42.385"/>
</kw>
<status status="PASS" starttime="20231119 20:31:41.870" endtime="20231119 20:31:42.386"/>
</kw>
<status status="PASS" starttime="20231119 20:31:35.376" endtime="20231119 20:31:42.386"/>
</test>
<test id="s1-s2-t2" name="Login With Incorrect Password" line="14">
<kw name="Create User And Go To Login Page" type="SETUP">
<kw name="Create User" library="AppLibrary">
<arg>kalle</arg>
<arg>kalle123</arg>
<status status="PASS" starttime="20231119 20:31:42.389" endtime="20231119 20:31:42.400"/>
</kw>
<kw name="Go To Login Page" library="resource">
<kw name="Go To" library="SeleniumLibrary">
<arg>${LOGIN_URL}</arg>
<doc>Navigates the current browser window to the provided ``url``.</doc>
<msg timestamp="20231119 20:31:42.401" level="INFO">Opening url 'http://localhost:5001/login'</msg>
<status status="PASS" starttime="20231119 20:31:42.401" endtime="20231119 20:31:42.919"/>
</kw>
<status status="PASS" starttime="20231119 20:31:42.401" endtime="20231119 20:31:42.919"/>
</kw>
<kw name="Login Page Should Be Open" library="resource">
<kw name="Title Should Be" library="SeleniumLibrary">
<arg>Login</arg>
<doc>Verifies that the current page title equals ``title``.</doc>
<msg timestamp="20231119 20:31:43.433" level="INFO">Page title is 'Login'.</msg>
<status status="PASS" starttime="20231119 20:31:42.920" endtime="20231119 20:31:43.433"/>
</kw>
<status status="PASS" starttime="20231119 20:31:42.919" endtime="20231119 20:31:43.434"/>
</kw>
<status status="PASS" starttime="20231119 20:31:42.388" endtime="20231119 20:31:43.434"/>
</kw>
<kw name="Set Username">
<arg>kalle</arg>
<kw name="Input Text" library="SeleniumLibrary">
<arg>username</arg>
<arg>${username}</arg>
<doc>Types the given ``text`` into the text field identified by ``locator``.</doc>
<msg timestamp="20231119 20:31:43.436" level="INFO">Typing text 'kalle' into text field 'username'.</msg>
<status status="PASS" starttime="20231119 20:31:43.435" endtime="20231119 20:31:45.080"/>
</kw>
<status status="PASS" starttime="20231119 20:31:43.434" endtime="20231119 20:31:45.081"/>
</kw>
<kw name="Set Password">
<arg>kalle456</arg>
<kw name="Input Password" library="SeleniumLibrary">
<arg>password</arg>
<arg>${password}</arg>
<doc>Types the given password into the text field identified by ``locator``.</doc>
<msg timestamp="20231119 20:31:45.083" level="INFO">Typing password into text field 'password'.</msg>
<msg timestamp="20231119 20:31:46.143" level="INFO">Temporally setting log level to: NONE</msg>
<msg timestamp="20231119 20:31:46.720" level="INFO">Log level changed from NONE to INFO.</msg>
<status status="PASS" starttime="20231119 20:31:45.082" endtime="20231119 20:31:46.720"/>
</kw>
<status status="PASS" starttime="20231119 20:31:45.081" endtime="20231119 20:31:46.720"/>
</kw>
<kw name="Submit Credentials">
<kw name="Click Button" library="SeleniumLibrary">
<arg>Login</arg>
<doc>Clicks the button identified by ``locator``.</doc>
<msg timestamp="20231119 20:31:46.723" level="INFO">Clicking button 'Login'.</msg>
<status status="PASS" starttime="20231119 20:31:46.722" endtime="20231119 20:31:48.824"/>
</kw>
<status status="PASS" starttime="20231119 20:31:46.721" endtime="20231119 20:31:48.825"/>
</kw>
<kw name="Login Should Fail With Message">
<arg>Invalid username or password</arg>
<kw name="Login Page Should Be Open" library="resource">
<kw name="Title Should Be" library="SeleniumLibrary">
<arg>Login</arg>
<doc>Verifies that the current page title equals ``title``.</doc>
<msg timestamp="20231119 20:31:49.336" level="INFO">Page title is 'Login'.</msg>
<status status="PASS" starttime="20231119 20:31:48.826" endtime="20231119 20:31:49.337"/>
</kw>
<status status="PASS" starttime="20231119 20:31:48.826" endtime="20231119 20:31:49.337"/>
</kw>
<kw name="Page Should Contain" library="SeleniumLibrary">
<arg>${message}</arg>
<doc>Verifies that current page contains ``text``.</doc>
<msg timestamp="20231119 20:31:50.355" level="INFO">Current page contains text 'Invalid username or password'.</msg>
<status status="PASS" starttime="20231119 20:31:49.337" endtime="20231119 20:31:50.356"/>
</kw>
<status status="PASS" starttime="20231119 20:31:48.825" endtime="20231119 20:31:50.356"/>
</kw>
<status status="PASS" starttime="20231119 20:31:42.387" endtime="20231119 20:31:50.357"/>
</test>
<kw name="Close Browser" library="SeleniumLibrary" type="TEARDOWN">
<doc>Closes the current browser.</doc>
<status status="PASS" starttime="20231119 20:31:50.358" endtime="20231119 20:31:50.918"/>
</kw>
<status status="PASS" starttime="20231119 20:31:34.547" endtime="20231119 20:31:50.919"/>
</suite>
<status status="PASS" starttime="20231119 20:31:27.797" endtime="20231119 20:31:50.920"/>
</suite>
<statistics>
<total>
<stat pass="4" fail="0" skip="0">All Tests</stat>
</total>
<tag>
</tag>
<suite>
<stat pass="4" fail="0" skip="0" id="s1" name="Tests">Tests</stat>
<stat pass="2" fail="0" skip="0" id="s1-s1" name="Home">Tests.Home</stat>
<stat pass="2" fail="0" skip="0" id="s1-s2" name="Login">Tests.Login</stat>
</suite>
</statistics>
<errors>
</errors>
</robot>
