<?xml version="1.0" encoding="UTF-8"?>
<robot generator="Robot 6.1.1 (Python 3.10.12 on linux)" generated="20231120 11:15:21.857" rpa="false" schemaversion="4">
<suite id="s1" name="Tests" source="/home/laoli/Opinnot-HY-2023/23-OhTu/src/palautusrepositorio/viikko3/web-login/src/tests">
<suite id="s1-s1" name="Register" source="/home/laoli/Opinnot-HY-2023/23-OhTu/src/palautusrepositorio/viikko3/web-login/src/tests/register.robot">
<kw name="Open And Configure Browser" library="resource" type="SETUP">
<kw name="Evaluate" library="BuiltIn">
<var>${options}</var>
<arg>sys.modules['selenium.webdriver'].ChromeOptions()</arg>
<arg>sys</arg>
<doc>Evaluates the given expression in Python and returns the result.</doc>
<msg timestamp="20231120 11:15:21.941" level="INFO">${options} = &lt;selenium.webdriver.chrome.options.Options object at 0x7ff6f7491c60&gt;</msg>
<status status="PASS" starttime="20231120 11:15:21.941" endtime="20231120 11:15:21.941"/>
</kw>
<kw name="Call Method" library="BuiltIn">
<arg>${options}</arg>
<arg>add_argument</arg>
<arg>--no-sandbox</arg>
<doc>Calls the named method of the given object with the provided arguments.</doc>
<status status="PASS" starttime="20231120 11:15:21.941" endtime="20231120 11:15:21.941"/>
</kw>
<kw name="Call Method" library="BuiltIn">
<arg>${options}</arg>
<arg>add_argument</arg>
<arg>--headless</arg>
<doc>Calls the named method of the given object with the provided arguments.</doc>
<status status="PASS" starttime="20231120 11:15:21.941" endtime="20231120 11:15:21.941"/>
</kw>
<kw name="Open Browser" library="SeleniumLibrary">
<arg>browser=chrome</arg>
<arg>options=${options}</arg>
<doc>Opens a new browser instance to the optional ``url``.</doc>
<msg timestamp="20231120 11:15:21.942" level="INFO">Opening browser 'chrome' to base url 'None'.</msg>
<status status="PASS" starttime="20231120 11:15:21.942" endtime="20231120 11:15:22.595"/>
</kw>
<kw name="Set Selenium Speed" library="SeleniumLibrary">
<arg>${DELAY}</arg>
<doc>Sets the delay that is waited after each Selenium command.</doc>
<status status="PASS" starttime="20231120 11:15:22.595" endtime="20231120 11:15:22.595"/>
</kw>
<status status="PASS" starttime="20231120 11:15:21.941" endtime="20231120 11:15:22.595"/>
</kw>
<test id="s1-s1-t1" name="Login After Successful Registration" line="36">
<kw name="Go To Register Page" library="resource" type="SETUP">
<kw name="Go To" library="SeleniumLibrary">
<arg>${REGISTER_URL}</arg>
<doc>Navigates the current browser window to the provided ``url``.</doc>
<msg timestamp="20231120 11:15:22.597" level="INFO">Opening url 'http://localhost:5001/register'</msg>
<status status="PASS" starttime="20231120 11:15:22.596" endtime="20231120 11:15:22.621"/>
</kw>
<status status="PASS" starttime="20231120 11:15:22.596" endtime="20231120 11:15:22.621"/>
</kw>
<kw name="Set Username" library="resource">
<arg>palle</arg>
<kw name="Input Text" library="SeleniumLibrary">
<arg>username</arg>
<arg>${username}</arg>
<doc>Types the given ``text`` into the text field identified by ``locator``.</doc>
<msg timestamp="20231120 11:15:22.622" level="INFO">Typing text 'palle' into text field 'username'.</msg>
<status status="PASS" starttime="20231120 11:15:22.622" endtime="20231120 11:15:22.684"/>
</kw>
<status status="PASS" starttime="20231120 11:15:22.621" endtime="20231120 11:15:22.684"/>
</kw>
<kw name="Set Password" library="resource">
<arg>kalle123</arg>
<kw name="Input Password" library="SeleniumLibrary">
<arg>password</arg>
<arg>${password}</arg>
<doc>Types the given password into the text field identified by ``locator``.</doc>
<msg timestamp="20231120 11:15:22.685" level="INFO">Typing password into text field 'password'.</msg>
<msg timestamp="20231120 11:15:22.713" level="INFO">Temporally setting log level to: NONE</msg>
<msg timestamp="20231120 11:15:22.756" level="INFO">Log level changed from NONE to INFO.</msg>
<status status="PASS" starttime="20231120 11:15:22.684" endtime="20231120 11:15:22.756"/>
</kw>
<status status="PASS" starttime="20231120 11:15:22.684" endtime="20231120 11:15:22.756"/>
</kw>
<kw name="Set Password_Confirmation" library="resource">
<arg>kalle123</arg>
<kw name="Input Text" library="SeleniumLibrary">
<arg>password_confirmation</arg>
<arg>${password_confirmation}</arg>
<doc>Types the given ``text`` into the text field identified by ``locator``.</doc>
<msg timestamp="20231120 11:15:22.757" level="INFO">Typing text 'kalle123' into text field 'password_confirmation'.</msg>
<status status="PASS" starttime="20231120 11:15:22.756" endtime="20231120 11:15:22.820"/>
</kw>
<status status="PASS" starttime="20231120 11:15:22.756" endtime="20231120 11:15:22.820"/>
</kw>
<kw name="Submit Registration">
<kw name="Click Button" library="SeleniumLibrary">
<arg>Register</arg>
<doc>Clicks the button identified by ``locator``.</doc>
<msg timestamp="20231120 11:15:22.821" level="INFO">Clicking button 'Register'.</msg>
<status status="PASS" starttime="20231120 11:15:22.820" endtime="20231120 11:15:22.872"/>
</kw>
<status status="PASS" starttime="20231120 11:15:22.820" endtime="20231120 11:15:22.872"/>
</kw>
<kw name="Go To Main Page" library="resource">
<kw name="Go To" library="SeleniumLibrary">
<arg>${MAIN_PAGE_URL}</arg>
<doc>Navigates the current browser window to the provided ``url``.</doc>
<msg timestamp="20231120 11:15:22.872" level="INFO">Opening url 'http://localhost:5001/ohtu'</msg>
<status status="PASS" starttime="20231120 11:15:22.872" endtime="20231120 11:15:22.879"/>
</kw>
<status status="PASS" starttime="20231120 11:15:22.872" endtime="20231120 11:15:22.879"/>
</kw>
<kw name="Click Button" library="SeleniumLibrary">
<arg>Logout</arg>
<doc>Clicks the button identified by ``locator``.</doc>
<msg timestamp="20231120 11:15:22.880" level="INFO">Clicking button 'Logout'.</msg>
<status status="PASS" starttime="20231120 11:15:22.880" endtime="20231120 11:15:22.922"/>
</kw>
<kw name="Set Username" library="resource">
<arg>palle</arg>
<kw name="Input Text" library="SeleniumLibrary">
<arg>username</arg>
<arg>${username}</arg>
<doc>Types the given ``text`` into the text field identified by ``locator``.</doc>
<msg timestamp="20231120 11:15:22.923" level="INFO">Typing text 'palle' into text field 'username'.</msg>
<status status="PASS" starttime="20231120 11:15:22.922" endtime="20231120 11:15:22.962"/>
</kw>
<status status="PASS" starttime="20231120 11:15:22.922" endtime="20231120 11:15:22.962"/>
</kw>
<kw name="Set Password" library="resource">
<arg>kalle123</arg>
<kw name="Input Password" library="SeleniumLibrary">
<arg>password</arg>
<arg>${password}</arg>
<doc>Types the given password into the text field identified by ``locator``.</doc>
<msg timestamp="20231120 11:15:22.962" level="INFO">Typing password into text field 'password'.</msg>
<msg timestamp="20231120 11:15:22.980" level="INFO">Temporally setting log level to: NONE</msg>
<msg timestamp="20231120 11:15:23.010" level="INFO">Log level changed from NONE to INFO.</msg>
<status status="PASS" starttime="20231120 11:15:22.962" endtime="20231120 11:15:23.011"/>
</kw>
<status status="PASS" starttime="20231120 11:15:22.962" endtime="20231120 11:15:23.011"/>
</kw>
<kw name="Submit Credentials" library="resource">
<kw name="Click Button" library="SeleniumLibrary">
<arg>Login</arg>
<doc>Clicks the button identified by ``locator``.</doc>
<msg timestamp="20231120 11:15:23.011" level="INFO">Clicking button 'Login'.</msg>
<status status="PASS" starttime="20231120 11:15:23.011" endtime="20231120 11:15:23.067"/>
</kw>
<status status="PASS" starttime="20231120 11:15:23.011" endtime="20231120 11:15:23.067"/>
</kw>
<kw name="Login Should Succeed" library="resource">
<kw name="Main Page Should Be Open" library="resource">
<kw name="Title Should Be" library="SeleniumLibrary">
<arg>Ohtu Application main page</arg>
<doc>Verifies that the current page title equals ``title``.</doc>
<msg timestamp="20231120 11:15:23.071" level="INFO">Page title is 'Ohtu Application main page'.</msg>
<status status="PASS" starttime="20231120 11:15:23.068" endtime="20231120 11:15:23.071"/>
</kw>
<status status="PASS" starttime="20231120 11:15:23.068" endtime="20231120 11:15:23.071"/>
</kw>
<status status="PASS" starttime="20231120 11:15:23.067" endtime="20231120 11:15:23.071"/>
</kw>
<status status="PASS" starttime="20231120 11:15:22.595" endtime="20231120 11:15:23.071"/>
</test>
<kw name="Close Browser" library="SeleniumLibrary" type="TEARDOWN">
<doc>Closes the current browser.</doc>
<status status="PASS" starttime="20231120 11:15:23.072" endtime="20231120 11:15:23.133"/>
</kw>
<status status="PASS" starttime="20231120 11:15:21.865" endtime="20231120 11:15:23.133"/>
</suite>
<status status="PASS" starttime="20231120 11:15:21.858" endtime="20231120 11:15:23.135"/>
</suite>
<statistics>
<total>
<stat pass="1" fail="0" skip="0">All Tests</stat>
</total>
<tag>
</tag>
<suite>
<stat pass="1" fail="0" skip="0" id="s1" name="Tests">Tests</stat>
<stat pass="1" fail="0" skip="0" id="s1-s1" name="Register">Tests.Register</stat>
</suite>
</statistics>
<errors>
</errors>
</robot>
