<?xml version="1.0" encoding="UTF-8"?>
<robot generator="Robot 6.1.1 (Python 3.10.12 on linux)" generated="20231119 19:50:17.455" rpa="false" schemaversion="4">
<suite id="s1" name="Tests" source="/home/laoli/Opinnot-HY-2023/23-OhTu/src/palautusrepositorio/viikko3/login-robot/src/tests">
<suite id="s1-s1" name="Login" source="/home/laoli/Opinnot-HY-2023/23-OhTu/src/palautusrepositorio/viikko3/login-robot/src/tests/login.robot">
<test id="s1-s1-t1" name="Login With Correct Credentials" line="6">
<kw name="Create User And Input Login Command" type="SETUP">
<kw name="Create User" library="AppLibrary">
<arg>kalle</arg>
<arg>kalle123</arg>
<status status="PASS" starttime="20231119 19:50:17.466" endtime="20231119 19:50:17.466"/>
</kw>
<kw name="Input Login Command" library="resource">
<kw name="Input" library="AppLibrary">
<arg>login</arg>
<status status="PASS" starttime="20231119 19:50:17.466" endtime="20231119 19:50:17.466"/>
</kw>
<status status="PASS" starttime="20231119 19:50:17.466" endtime="20231119 19:50:17.466"/>
</kw>
<status status="PASS" starttime="20231119 19:50:17.466" endtime="20231119 19:50:17.466"/>
</kw>
<kw name="Input Credentials" library="resource">
<arg>kalle</arg>
<arg>kalle123</arg>
<kw name="Input" library="AppLibrary">
<arg>${username}</arg>
<status status="PASS" starttime="20231119 19:50:17.467" endtime="20231119 19:50:17.467"/>
</kw>
<kw name="Input" library="AppLibrary">
<arg>${password}</arg>
<status status="PASS" starttime="20231119 19:50:17.467" endtime="20231119 19:50:17.467"/>
</kw>
<kw name="Run Application" library="AppLibrary">
<status status="PASS" starttime="20231119 19:50:17.467" endtime="20231119 19:50:17.467"/>
</kw>
<status status="PASS" starttime="20231119 19:50:17.467" endtime="20231119 19:50:17.467"/>
</kw>
<kw name="Output Should Contain" library="AppLibrary">
<arg>Logged in</arg>
<status status="PASS" starttime="20231119 19:50:17.467" endtime="20231119 19:50:17.467"/>
</kw>
<status status="PASS" starttime="20231119 19:50:17.466" endtime="20231119 19:50:17.467"/>
</test>
<test id="s1-s1-t2" name="Login With Incorrect Password" line="10">
<kw name="Create User And Input Login Command" type="SETUP">
<kw name="Create User" library="AppLibrary">
<arg>kalle</arg>
<arg>kalle123</arg>
<status status="PASS" starttime="20231119 19:50:17.467" endtime="20231119 19:50:17.468"/>
</kw>
<kw name="Input Login Command" library="resource">
<kw name="Input" library="AppLibrary">
<arg>login</arg>
<status status="PASS" starttime="20231119 19:50:17.468" endtime="20231119 19:50:17.468"/>
</kw>
<status status="PASS" starttime="20231119 19:50:17.468" endtime="20231119 19:50:17.468"/>
</kw>
<status status="PASS" starttime="20231119 19:50:17.467" endtime="20231119 19:50:17.468"/>
</kw>
<kw name="Input Credentials" library="resource">
<arg>kalle</arg>
<arg>kille123</arg>
<kw name="Input" library="AppLibrary">
<arg>${username}</arg>
<status status="PASS" starttime="20231119 19:50:17.468" endtime="20231119 19:50:17.468"/>
</kw>
<kw name="Input" library="AppLibrary">
<arg>${password}</arg>
<status status="PASS" starttime="20231119 19:50:17.468" endtime="20231119 19:50:17.468"/>
</kw>
<kw name="Run Application" library="AppLibrary">
<status status="PASS" starttime="20231119 19:50:17.468" endtime="20231119 19:50:17.468"/>
</kw>
<status status="PASS" starttime="20231119 19:50:17.468" endtime="20231119 19:50:17.468"/>
</kw>
<kw name="Output Should Contain" library="AppLibrary">
<arg>Invalid username or password</arg>
<status status="PASS" starttime="20231119 19:50:17.468" endtime="20231119 19:50:17.468"/>
</kw>
<status status="PASS" starttime="20231119 19:50:17.467" endtime="20231119 19:50:17.468"/>
</test>
<test id="s1-s1-t3" name="Login With Nonexistent Username" line="14">
<kw name="Create User And Input Login Command" type="SETUP">
<kw name="Create User" library="AppLibrary">
<arg>kalle</arg>
<arg>kalle123</arg>
<status status="PASS" starttime="20231119 19:50:17.469" endtime="20231119 19:50:17.469"/>
</kw>
<kw name="Input Login Command" library="resource">
<kw name="Input" library="AppLibrary">
<arg>login</arg>
<status status="PASS" starttime="20231119 19:50:17.469" endtime="20231119 19:50:17.469"/>
</kw>
<status status="PASS" starttime="20231119 19:50:17.469" endtime="20231119 19:50:17.469"/>
</kw>
<status status="PASS" starttime="20231119 19:50:17.469" endtime="20231119 19:50:17.469"/>
</kw>
<kw name="Input Credentials" library="resource">
<arg>kille</arg>
<arg>kalle123</arg>
<kw name="Input" library="AppLibrary">
<arg>${username}</arg>
<status status="PASS" starttime="20231119 19:50:17.469" endtime="20231119 19:50:17.469"/>
</kw>
<kw name="Input" library="AppLibrary">
<arg>${password}</arg>
<status status="PASS" starttime="20231119 19:50:17.469" endtime="20231119 19:50:17.469"/>
</kw>
<kw name="Run Application" library="AppLibrary">
<status status="PASS" starttime="20231119 19:50:17.469" endtime="20231119 19:50:17.469"/>
</kw>
<status status="PASS" starttime="20231119 19:50:17.469" endtime="20231119 19:50:17.469"/>
</kw>
<kw name="Output Should Contain" library="AppLibrary">
<arg>Invalid username or password</arg>
<status status="PASS" starttime="20231119 19:50:17.469" endtime="20231119 19:50:17.469"/>
</kw>
<status status="PASS" starttime="20231119 19:50:17.468" endtime="20231119 19:50:17.469"/>
</test>
<status status="PASS" starttime="20231119 19:50:17.463" endtime="20231119 19:50:17.470"/>
</suite>
<suite id="s1-s2" name="Register" source="/home/laoli/Opinnot-HY-2023/23-OhTu/src/palautusrepositorio/viikko3/login-robot/src/tests/register.robot">
<test id="s1-s2-t1" name="Register With Valid Username And Password" line="6">
<kw name="Input Register Command" library="resource" type="SETUP">
<kw name="Input" library="AppLibrary">
<arg>new</arg>
<status status="PASS" starttime="20231119 19:50:17.471" endtime="20231119 19:50:17.471"/>
</kw>
<status status="PASS" starttime="20231119 19:50:17.471" endtime="20231119 19:50:17.471"/>
</kw>
<kw name="Input Credentials" library="resource">
<arg>kalle</arg>
<arg>kalle123</arg>
<kw name="Input" library="AppLibrary">
<arg>${username}</arg>
<status status="PASS" starttime="20231119 19:50:17.471" endtime="20231119 19:50:17.471"/>
</kw>
<kw name="Input" library="AppLibrary">
<arg>${password}</arg>
<status status="PASS" starttime="20231119 19:50:17.471" endtime="20231119 19:50:17.471"/>
</kw>
<kw name="Run Application" library="AppLibrary">
<status status="PASS" starttime="20231119 19:50:17.471" endtime="20231119 19:50:17.471"/>
</kw>
<status status="PASS" starttime="20231119 19:50:17.471" endtime="20231119 19:50:17.471"/>
</kw>
<kw name="Output Should Contain" library="AppLibrary">
<arg>New user registered</arg>
<status status="PASS" starttime="20231119 19:50:17.472" endtime="20231119 19:50:17.472"/>
</kw>
<status status="PASS" starttime="20231119 19:50:17.471" endtime="20231119 19:50:17.472"/>
</test>
<test id="s1-s2-t2" name="Register With Already Taken Username And Valid Password" line="10">
<kw name="Input Register Command" library="resource" type="SETUP">
<kw name="Input" library="AppLibrary">
<arg>new</arg>
<status status="PASS" starttime="20231119 19:50:17.472" endtime="20231119 19:50:17.472"/>
</kw>
<status status="PASS" starttime="20231119 19:50:17.472" endtime="20231119 19:50:17.472"/>
</kw>
<kw name="Create User" library="AppLibrary">
<arg>kalle</arg>
<arg>kalle123</arg>
<status status="PASS" starttime="20231119 19:50:17.472" endtime="20231119 19:50:17.472"/>
</kw>
<kw name="Input Credentials" library="resource">
<arg>kalle</arg>
<arg>kalle123</arg>
<kw name="Input" library="AppLibrary">
<arg>${username}</arg>
<status status="PASS" starttime="20231119 19:50:17.472" endtime="20231119 19:50:17.472"/>
</kw>
<kw name="Input" library="AppLibrary">
<arg>${password}</arg>
<status status="PASS" starttime="20231119 19:50:17.472" endtime="20231119 19:50:17.472"/>
</kw>
<kw name="Run Application" library="AppLibrary">
<status status="PASS" starttime="20231119 19:50:17.472" endtime="20231119 19:50:17.472"/>
</kw>
<status status="PASS" starttime="20231119 19:50:17.472" endtime="20231119 19:50:17.472"/>
</kw>
<kw name="Output Should Contain" library="AppLibrary">
<arg>User with username kalle already exists</arg>
<status status="PASS" starttime="20231119 19:50:17.472" endtime="20231119 19:50:17.473"/>
</kw>
<status status="PASS" starttime="20231119 19:50:17.472" endtime="20231119 19:50:17.473"/>
</test>
<test id="s1-s2-t3" name="Register With Too Short Username And Valid Password" line="15">
<kw name="Input Register Command" library="resource" type="SETUP">
<kw name="Input" library="AppLibrary">
<arg>new</arg>
<status status="PASS" starttime="20231119 19:50:17.473" endtime="20231119 19:50:17.473"/>
</kw>
<status status="PASS" starttime="20231119 19:50:17.473" endtime="20231119 19:50:17.473"/>
</kw>
<kw name="Input Credentials" library="resource">
<arg>k</arg>
<arg>kalle123</arg>
<kw name="Input" library="AppLibrary">
<arg>${username}</arg>
<status status="PASS" starttime="20231119 19:50:17.473" endtime="20231119 19:50:17.473"/>
</kw>
<kw name="Input" library="AppLibrary">
<arg>${password}</arg>
<status status="PASS" starttime="20231119 19:50:17.473" endtime="20231119 19:50:17.474"/>
</kw>
<kw name="Run Application" library="AppLibrary">
<status status="PASS" starttime="20231119 19:50:17.474" endtime="20231119 19:50:17.474"/>
</kw>
<status status="PASS" starttime="20231119 19:50:17.473" endtime="20231119 19:50:17.474"/>
</kw>
<kw name="Output Should Contain" library="AppLibrary">
<arg>Invalid username. Username must have at least 3 lowercase letters.</arg>
<status status="PASS" starttime="20231119 19:50:17.474" endtime="20231119 19:50:17.474"/>
</kw>
<status status="PASS" starttime="20231119 19:50:17.473" endtime="20231119 19:50:17.474"/>
</test>
<test id="s1-s2-t4" name="Register With Enough Long But Invalid Username And Valid Password" line="19">
<kw name="Input Register Command" library="resource" type="SETUP">
<kw name="Input" library="AppLibrary">
<arg>new</arg>
<status status="PASS" starttime="20231119 19:50:17.474" endtime="20231119 19:50:17.474"/>
</kw>
<status status="PASS" starttime="20231119 19:50:17.474" endtime="20231119 19:50:17.474"/>
</kw>
<kw name="Input Credentials" library="resource">
<arg>kall3</arg>
<arg>kalle123</arg>
<kw name="Input" library="AppLibrary">
<arg>${username}</arg>
<status status="PASS" starttime="20231119 19:50:17.474" endtime="20231119 19:50:17.474"/>
</kw>
<kw name="Input" library="AppLibrary">
<arg>${password}</arg>
<status status="PASS" starttime="20231119 19:50:17.474" endtime="20231119 19:50:17.474"/>
</kw>
<kw name="Run Application" library="AppLibrary">
<status status="PASS" starttime="20231119 19:50:17.474" endtime="20231119 19:50:17.475"/>
</kw>
<status status="PASS" starttime="20231119 19:50:17.474" endtime="20231119 19:50:17.475"/>
</kw>
<kw name="Output Should Contain" library="AppLibrary">
<arg>Invalid username. Username must have at least 3 lowercase letters.</arg>
<status status="PASS" starttime="20231119 19:50:17.475" endtime="20231119 19:50:17.475"/>
</kw>
<status status="PASS" starttime="20231119 19:50:17.474" endtime="20231119 19:50:17.475"/>
</test>
<test id="s1-s2-t5" name="Register With Valid Username And Too Short Password" line="23">
<kw name="Input Register Command" library="resource" type="SETUP">
<kw name="Input" library="AppLibrary">
<arg>new</arg>
<status status="PASS" starttime="20231119 19:50:17.475" endtime="20231119 19:50:17.475"/>
</kw>
<status status="PASS" starttime="20231119 19:50:17.475" endtime="20231119 19:50:17.475"/>
</kw>
<kw name="Input Credentials" library="resource">
<arg>kalle</arg>
<arg>alle123</arg>
<kw name="Input" library="AppLibrary">
<arg>${username}</arg>
<status status="PASS" starttime="20231119 19:50:17.475" endtime="20231119 19:50:17.476"/>
</kw>
<kw name="Input" library="AppLibrary">
<arg>${password}</arg>
<status status="PASS" starttime="20231119 19:50:17.476" endtime="20231119 19:50:17.476"/>
</kw>
<kw name="Run Application" library="AppLibrary">
<status status="PASS" starttime="20231119 19:50:17.476" endtime="20231119 19:50:17.476"/>
</kw>
<status status="PASS" starttime="20231119 19:50:17.475" endtime="20231119 19:50:17.476"/>
</kw>
<kw name="Output Should Contain" library="AppLibrary">
<arg>Invalid password. Password must have at least 8 characters and contain non-letter characters.</arg>
<status status="PASS" starttime="20231119 19:50:17.476" endtime="20231119 19:50:17.476"/>
</kw>
<status status="PASS" starttime="20231119 19:50:17.475" endtime="20231119 19:50:17.476"/>
</test>
<test id="s1-s2-t6" name="Register With Valid Username And Long Enough Password Containing Only Letters" line="27">
<kw name="Input Register Command" library="resource" type="SETUP">
<kw name="Input" library="AppLibrary">
<arg>new</arg>
<status status="PASS" starttime="20231119 19:50:17.476" endtime="20231119 19:50:17.476"/>
</kw>
<status status="PASS" starttime="20231119 19:50:17.476" endtime="20231119 19:50:17.477"/>
</kw>
<kw name="Input Credentials" library="resource">
<arg>kalle</arg>
<arg>kallekalle</arg>
<kw name="Input" library="AppLibrary">
<arg>${username}</arg>
<status status="PASS" starttime="20231119 19:50:17.477" endtime="20231119 19:50:17.477"/>
</kw>
<kw name="Input" library="AppLibrary">
<arg>${password}</arg>
<status status="PASS" starttime="20231119 19:50:17.477" endtime="20231119 19:50:17.477"/>
</kw>
<kw name="Run Application" library="AppLibrary">
<status status="PASS" starttime="20231119 19:50:17.477" endtime="20231119 19:50:17.477"/>
</kw>
<status status="PASS" starttime="20231119 19:50:17.477" endtime="20231119 19:50:17.477"/>
</kw>
<kw name="Output Should Contain" library="AppLibrary">
<arg>Invalid password. Password must have at least 8 characters and contain non-letter characters.</arg>
<status status="PASS" starttime="20231119 19:50:17.477" endtime="20231119 19:50:17.477"/>
</kw>
<status status="PASS" starttime="20231119 19:50:17.476" endtime="20231119 19:50:17.477"/>
</test>
<status status="PASS" starttime="20231119 19:50:17.470" endtime="20231119 19:50:17.477"/>
</suite>
<status status="PASS" starttime="20231119 19:50:17.455" endtime="20231119 19:50:17.478"/>
</suite>
<statistics>
<total>
<stat pass="9" fail="0" skip="0">All Tests</stat>
</total>
<tag>
</tag>
<suite>
<stat pass="9" fail="0" skip="0" id="s1" name="Tests">Tests</stat>
<stat pass="3" fail="0" skip="0" id="s1-s1" name="Login">Tests.Login</stat>
<stat pass="6" fail="0" skip="0" id="s1-s2" name="Register">Tests.Register</stat>
</suite>
</statistics>
<errors>
</errors>
</robot>
